// 重构日志: 0bb3e31a
// 重构日志: 723d7e2c
// 同步 ID: 7222ff45 @ Fri Jun 19 13:06:31 UTC 2026
// 重构日志: f37e0121
// 重构日志: 363a0b92
// 重构日志: 2c0336db
// 重构日志: 3cde2651
// 重构日志: 576ae2c7
// 重构日志: 8e23a768
// 重构日志: 49b9af22
// 重构日志: d3b59e58
// 重构日志: 522636b3
// 同步 ID: 3a7b656a @ Tue Jun 30 17:25:14 UTC 2026
// 重构日志: 1979a5bb
// 重构日志: a51c6569
// 同步 ID: 5bdf9fd0 @ Fri Jul  3 08:39:55 UTC 2026
// 重构日志: d28ca7dc
// 重构日志: ba46ae00
// 同步 ID: 44137107 @ Wed Jul  8 04:46:01 UTC 2026
// 同步 ID: 98de11fd @ Wed Jul  8 08:18:39 UTC 2026
// 重构日志: b9e13f6c
// 重构日志: 0c784e4d
// 同步 ID: 6b465e44 @ Fri Jul 10 09:23:54 UTC 2026
// 重构日志: 43310c2f
// 同步 ID: c7e7ed1b @ Sun Jul 12 11:02:14 UTC 2026
// 同步 ID: 1831c4ae @ Sun Jul 12 14:16:02 UTC 2026
// 同步 ID: c37af054 @ Sun Jul 12 16:21:14 UTC 2026
// 重构日志: 574a2a50
// 重构日志: 920c6022
// 同步 ID: fd807afd @ Tue Jul 14 11:33:29 UTC 2026
